Arguments: 
  C:\Program Files\nodejs\node.exe C:\Users\ludovic.vachon\AppData\Roaming\npm\node_modules\yarn\bin\yarn.js

PATH: 
  C:\Program Files\OpenJDK\jdk-11.0.8.10-hotspot\bin;C:\Program Files (x86)\Common Files\Oracle\Java\javapath;C:\windows\system32;C:\windows;C:\windows\System32\Wbem;C:\windows\System32\WindowsPowerShell\v1.0\;C:\windows\System32\OpenSSH\;C:\Program Files\Git\cmd;C:\wamp\bin\php\php7.4.9;C:\Program Files\nodejs\;C:\Program Files\PuTTY\;C:\Users\ludovic.vachon\AppData\Local\Programs\Python\Python39\Scripts\;C:\Users\ludovic.vachon\AppData\Local\Programs\Python\Python39\;C:\wamp\bin\php\php7.4.9;C:\Users\ludovic.vachon\AppData\Local\Programs\Microsoft VS Code\bin;C:\Users\ludovic.vachon\AppData\Local\Android\Sdk\platform-tools;C:\Users\ludovic.vachon\AppData\Roaming\npm

Yarn version: 
  1.22.10

Node version: 
  14.17.6

Platform: 
  win32 x64

Trace: 
  Error: connect EHOSTUNREACH 104.16.18.35:443
      at TCPConnectWrap.afterConnect [as oncomplete] (net.js:1148:16)

npm manifest: 
  {
    "name": "test",
    "version": "0.0.0",
    "scripts": {
      "dev": "vite",
      "build": "vite build",
      "preview": "vite preview"
    },
    "devDependencies": {
      "vite": "^2.7.2"
    }
  }

yarn manifest: 
  No manifest

Lockfile: 
  No lockfile
